<?xml version="1.0" encoding="UTF-8"?>
<!-- Generated by org.testng.reporters.JUnitReportReporter -->
<testsuite hostname="DESKTOP-N995C3G" failures="0" tests="1" name="testCaseBestBuy.CheckOutTestBB" time="54.891" errors="0" timestamp="2023-05-24T18:58:40 IST" skipped="0">
  <testcase classname="testCaseBestBuy.CheckOutTestBB" name="tc_09_CheckOut" time="54.891"/>
  <system-out/>
</testsuite> <!-- testCaseBestBuy.CheckOutTestBB -->
