<?xml version="1.0" encoding="UTF-8"?>
<!-- Generated by org.testng.reporters.JUnitReportReporter -->
<testsuite hostname="DESKTOP-N995C3G" failures="0" tests="1" name="testCaseBestBuy.CartTestBB" time="42.330" errors="0" timestamp="2023-05-25T14:13:50 IST" skipped="0">
  <testcase classname="testCaseBestBuy.CartTestBB" name="tc_06_SearchAddItemInCart" time="42.330"/>
  <system-out/>
</testsuite> <!-- testCaseBestBuy.CartTestBB -->
