<?xml version="1.0" encoding="UTF-8"?>
<!-- Generated by org.testng.reporters.JUnitReportReporter -->
<testsuite hostname="DESKTOP-N995C3G" failures="0" tests="1" name="testCaseBestBuy.CreatAccountTestBB" time="23.280" errors="0" timestamp="2023-05-24T19:41:50 IST" skipped="0">
  <testcase classname="testCaseBestBuy.CreatAccountTestBB" name="tc_03_validateCreatAccountFunctionality" time="23.280"/>
  <system-out/>
</testsuite> <!-- testCaseBestBuy.CreatAccountTestBB -->
