<?xml version="1.0" encoding="UTF-8"?>
<!-- Generated by org.testng.reporters.JUnitReportReporter -->
<testsuite hostname="DESKTOP-N995C3G" failures="0" tests="1" name="testCaseBestBuy.TC_08_SelAddItemShopByBrandMenu" time="76.487" errors="0" timestamp="2023-05-25T18:12:58 IST" skipped="0">
  <testcase classname="testCaseBestBuy.TC_08_SelAddItemShopByBrandMenu" name="tc_08_selAddItemShopByBrandMenu" time="76.487"/>
  <system-out/>
</testsuite> <!-- testCaseBestBuy.TC_08_SelAddItemShopByBrandMenu -->
