<?xml version="1.0" encoding="UTF-8"?>
<!-- Generated by org.testng.reporters.JUnitReportReporter -->
<testsuite hostname="DESKTOP-N995C3G" failures="0" tests="1" name="trail.bestBuy" time="56.273" errors="0" timestamp="2023-05-23T23:51:35 IST" skipped="0">
  <testcase classname="trail.bestBuy" name="checkout" time="56.273"/>
  <system-out/>
</testsuite> <!-- trail.bestBuy -->
