<?xml version="1.0" encoding="UTF-8"?>
<!-- Generated by org.testng.reporters.JUnitReportReporter -->
<testsuite hostname="DESKTOP-N995C3G" failures="0" tests="1" name="bestBuy" time="5.120" errors="0" timestamp="2023-05-18T19:32:50 IST" skipped="0">
  <testcase classname="bestBuy" name="validateLinkWithPageTitle" time="5.120"/>
  <system-out/>
</testsuite> <!-- bestBuy -->
