<?xml version="1.0" encoding="UTF-8"?>
<!-- Generated by org.testng.reporters.JUnitReportReporter -->
<testsuite hostname="DESKTOP-N995C3G" failures="0" tests="1" name="testCaseBestBuy.TC_07_SelAddItemShopByDeptMenu" time="86.976" errors="0" timestamp="2023-05-25T18:12:58 IST" skipped="0">
  <testcase classname="testCaseBestBuy.TC_07_SelAddItemShopByDeptMenu" name="tc_07_selAddItemShopByDeptMenu" time="86.976"/>
  <system-out/>
</testsuite> <!-- testCaseBestBuy.TC_07_SelAddItemShopByDeptMenu -->
