<?xml version="1.0" encoding="UTF-8"?>
<!-- Generated by org.testng.reporters.JUnitReportReporter -->
<testsuite hostname="DESKTOP-N995C3G" failures="0" tests="10" name="testCaseBestBuy.HomeTestBB" time="279.508" errors="0" timestamp="2023-05-24T18:58:40 IST" skipped="0">
  <testcase classname="testCaseBestBuy.HomeTestBB" name="tc_04_CheckTitleOfAllMenu" time="29.643"/>
  <system-out/>
  <testcase classname="testCaseBestBuy.HomeTestBB" name="tc_04_CheckTitleOfAllMenu" time="26.163"/>
  <system-out/>
  <testcase classname="testCaseBestBuy.HomeTestBB" name="tc_04_CheckTitleOfAllMenu" time="26.702"/>
  <system-out/>
  <testcase classname="testCaseBestBuy.HomeTestBB" name="tc_04_CheckTitleOfAllMenu" time="30.163"/>
  <system-out/>
  <testcase classname="testCaseBestBuy.HomeTestBB" name="tc_04_CheckTitleOfAllMenu" time="28.192"/>
  <system-out/>
  <testcase classname="testCaseBestBuy.HomeTestBB" name="tc_05_validateLinkInBottomOfHomePage" time="30.001"/>
  <system-out/>
  <testcase classname="testCaseBestBuy.HomeTestBB" name="tc_04_CheckTitleOfAllMenu" time="29.248"/>
  <system-out/>
  <testcase classname="testCaseBestBuy.HomeTestBB" name="tc_04_CheckTitleOfAllMenu" time="25.432"/>
  <system-out/>
  <testcase classname="testCaseBestBuy.HomeTestBB" name="tc_04_CheckTitleOfAllMenu" time="27.854"/>
  <system-out/>
  <testcase classname="testCaseBestBuy.HomeTestBB" name="tc_04_CheckTitleOfAllMenu" time="26.110"/>
  <system-out/>
</testsuite> <!-- testCaseBestBuy.HomeTestBB -->
