<?xml version="1.0" encoding="UTF-8"?>
<!-- Generated by org.testng.reporters.JUnitReportReporter -->
<testsuite hostname="DESKTOP-N995C3G" failures="0" tests="11" name="testCaseBestBuy.TC_03_CreatAccountFunctionality" time="435.433" errors="0" timestamp="2023-05-25T18:12:58 IST" skipped="0">
  <testcase classname="testCaseBestBuy.TC_03_CreatAccountFunctionality" name="tc_03_validateCreatAccountFunctionality" time="31.364"/>
  <system-out/>
  <testcase classname="testCaseBestBuy.TC_03_CreatAccountFunctionality" name="tc_03_validateCreatAccountFunctionality" time="45.002"/>
  <system-out/>
  <testcase classname="testCaseBestBuy.TC_03_CreatAccountFunctionality" name="tc_03_validateCreatAccountFunctionality" time="43.197"/>
  <system-out/>
  <testcase classname="testCaseBestBuy.TC_03_CreatAccountFunctionality" name="tc_03_validateCreatAccountFunctionality" time="40.891"/>
  <system-out/>
  <testcase classname="testCaseBestBuy.TC_03_CreatAccountFunctionality" name="tc_03_validateCreatAccountFunctionality" time="35.298"/>
  <system-out/>
  <testcase classname="testCaseBestBuy.TC_03_CreatAccountFunctionality" name="tc_03_validateCreatAccountFunctionality" time="31.879"/>
  <system-out/>
  <testcase classname="testCaseBestBuy.TC_03_CreatAccountFunctionality" name="tc_03_validateCreatAccountFunctionality" time="33.134"/>
  <system-out/>
  <testcase classname="testCaseBestBuy.TC_03_CreatAccountFunctionality" name="tc_03_validateCreatAccountFunctionality" time="39.436"/>
  <system-out/>
  <testcase classname="testCaseBestBuy.TC_03_CreatAccountFunctionality" name="tc_03_validateCreatAccountFunctionality" time="62.643"/>
  <system-out/>
  <testcase classname="testCaseBestBuy.TC_03_CreatAccountFunctionality" name="tc_03_validateCreatAccountFunctionality" time="32.786"/>
  <system-out/>
  <testcase classname="testCaseBestBuy.TC_03_CreatAccountFunctionality" name="tc_03_validateCreatAccountFunctionality" time="39.803"/>
  <system-out/>
</testsuite> <!-- testCaseBestBuy.TC_03_CreatAccountFunctionality -->
