<?xml version="1.0" encoding="UTF-8"?>
<!-- Generated by org.testng.reporters.JUnitReportReporter -->
<testsuite hostname="DESKTOP-N995C3G" failures="0" tests="2" name="testCaseBestBuy.LocationTestBB" time="16.741" errors="0" timestamp="2023-05-24T18:58:40 IST" skipped="0">
  <testcase classname="testCaseBestBuy.LocationTestBB" name="tc_02_validateUrlIsNotBroken" time="13.017"/>
  <system-out/>
  <testcase classname="testCaseBestBuy.LocationTestBB" name="tc_01_validateBBUrlLaunched" time="3.724"/>
  <system-out/>
</testsuite> <!-- testCaseBestBuy.LocationTestBB -->
